INFO: Loading Hubble UDF fits files...
INFO:   Loading i image
INFO:   Loading v image
INFO:   Loading b image
INFO: Finished loading.
INFO: Converting to RGB image...
INFO: Plotting HUDF image...
2023-11-17 21:15:55,930 | INFO: Loading Hubble UDF fits files...
2023-11-17 21:15:55,934 | INFO:   Loading i image
2023-11-17 21:16:18,525 | INFO:   Loading v image
2023-11-17 21:16:39,478 | INFO:   Loading b image
2023-11-17 21:17:02,050 | INFO: Finished loading.
2023-11-17 21:17:02,838 | INFO: Converting to RGB image...
2023-11-17 21:17:33,832 | INFO: Plotting HUDF image...
2023-11-17 21:18:07,774 | INFO: Adding catalog J/AJ/150/31/table5.
2023-11-17 21:18:08,328 | INFO: Adding catalog J/A+A/608/A2/combined.
2023-11-17 21:26:56,582 | INFO: Loading Hubble UDF fits files...
2023-11-17 21:26:56,592 | INFO:   Loading i image
2023-11-17 21:26:56,729 | INFO:   Loading v image
2023-11-17 21:26:56,783 | INFO:   Loading b image
2023-11-17 21:26:56,875 | INFO: Finished loading.
2023-11-17 21:26:57,568 | INFO: Converting to RGB image...
2023-11-17 21:27:02,454 | INFO: Plotting HUDF image...
2023-11-17 21:27:06,622 | INFO: Adding catalog J/AJ/150/31/table5.
2023-11-17 21:27:07,090 | INFO: Adding catalog J/A+A/608/A2/combined.
2023-11-17 21:27:07,253 | INFO: Cross-matching photz_raf and specz_muse.
2023-11-17 21:27:07,524 | INFO: Plotting HUDF image...
2023-11-17 21:27:07,866 | INFO: Plotting redshift distribution histogram...
2023-11-17 21:27:13,425 | INFO: Plotting HUDF image...
2023-11-17 21:27:13,574 | INFO: Plotting redshift distribution histogram...
2023-11-17 21:27:13,725 | INFO: Inset (a) at (RA DEC)=(03h32m34.5229308s -27d48m48.48806461s), 
                         (x, y)=(7230.597515699828, 2603.7188666741813) with size 1000.0
2023-11-17 21:27:13,744 | INFO: Plotting HUDF image...
2023-11-17 21:27:45,025 | INFO: Loading Hubble UDF fits files...
2023-11-17 21:27:45,026 | INFO:   Loading i image
2023-11-17 21:28:07,692 | INFO:   Loading v image
2023-11-17 21:28:33,491 | INFO:   Loading b image
2023-11-17 21:28:52,093 | INFO: Finished loading.
2023-11-17 21:28:52,770 | INFO: Converting to RGB image...
2023-11-17 21:29:05,132 | INFO: Plotting HUDF image...
2023-11-17 21:29:14,310 | INFO: Adding catalog J/AJ/150/31/table5.
2023-11-17 21:29:14,874 | INFO: Adding catalog J/A+A/608/A2/combined.
2023-11-17 21:29:15,075 | INFO: Cross-matching photz_raf and specz_muse.
2023-11-17 21:29:15,392 | INFO: Plotting HUDF image...
2023-11-17 21:29:20,261 | INFO: Plotting redshift distribution histogram...
2023-11-17 21:29:28,799 | INFO: Plotting HUDF image...
2023-11-17 21:29:29,324 | INFO: Plotting redshift distribution histogram...
2023-11-17 21:29:29,511 | INFO: Inset (a) at (RA DEC)=(03h32m34.5229308s -27d48m48.48806461s), 
                         (x, y)=(7230.597515699828, 2603.7188666741813) with size 1000.0
2023-11-17 21:29:29,530 | INFO: Plotting HUDF image...
2023-11-17 21:29:29,639 | INFO: Inset (b) at (RA DEC)=(03h32m44.86285172s -27d47m27.59247906s), 
                         (x, y)=(2656.504983493851, 5298.651693912568) with size 1000.0
2023-11-17 21:29:29,656 | INFO: Plotting HUDF image...
2023-11-17 21:29:29,769 | INFO: Inset (c) at (RA DEC)=(03h32m38.00653142s -27d47m41.72606948s), 
                         (x, y)=(5689.379663441163, 4828.763267309533) with size 1000.0
2023-11-17 21:29:29,807 | INFO: Plotting HUDF image...
2023-11-17 21:29:29,955 | INFO: Inset (d) at (RA DEC)=(03h32m31.7480516s -27d46m58.29206073s), 
                         (x, y)=(8457.463047522018, 6277.072200670672) with size 1000.0
2023-11-17 21:29:29,985 | INFO: Plotting HUDF image...
2023-11-17 21:29:30,192 | INFO: Inset (e) at (RA DEC)=(03h32m42.42253141s -27d47m58.81167565s), 
                         (x, y)=(3736.3832299176947, 4258.530582855033) with size 1000.0
2023-11-17 21:29:30,210 | INFO: Plotting HUDF image...
2023-11-17 21:29:30,307 | INFO: Inset (f) at (RA DEC)=(03h32m44.03197125s -27d48m24.3500779s), 
                         (x, y)=(3024.961445273845, 3406.917858833284) with size 1000.0
2023-11-17 21:29:30,322 | INFO: Plotting HUDF image...
2023-11-17 21:29:30,418 | INFO: Inset (g) at (RA DEC)=(03h32m39.16045095s -27d48m44.63247109s), 
                         (x, y)=(5179.678019999186, 2731.724997579132) with size 1000.0
2023-11-17 21:29:30,433 | INFO: Plotting HUDF image...
2023-11-17 21:29:30,531 | INFO: Inset (h) at (RA DEC)=(03h32m37.92469216s -27d46m09.13406936s), 
                         (x, y)=(5724.6918835605065, 7915.174592368153) with size 1000.0
2023-11-17 21:29:30,545 | INFO: Plotting HUDF image...
2023-11-17 21:29:30,645 | INFO: Inset (i) at (RA DEC)=(03h32m41.9461314s -27d47m57.53727498s), 
                         (x, y)=(3947.073189469127, 4301.101547008746) with size 1000.0
2023-11-17 21:29:30,659 | INFO: Plotting HUDF image...
2023-11-17 21:29:30,762 | INFO: Inset (j) at (RA DEC)=(03h32m37.3088515s -27d47m29.3708685s), 
                         (x, y)=(5997.861697564993, 5240.689138754793) with size 1000.0
2023-11-17 21:29:30,782 | INFO: Plotting HUDF image...
2023-11-17 21:39:53,215 | INFO: Loading Hubble UDF fits files...
2023-11-17 21:39:53,216 | INFO:   Loading i image
2023-11-17 21:39:53,368 | INFO:   Loading v image
2023-11-17 21:39:53,443 | INFO:   Loading b image
2023-11-17 21:39:53,531 | INFO: Finished loading.
2023-11-17 21:39:54,205 | INFO: Converting to RGB image...
2023-11-17 21:39:56,393 | INFO: Plotting HUDF image...
2023-11-17 21:39:57,785 | INFO: Adding catalog J/AJ/150/31/table5.
2023-11-17 21:39:58,288 | INFO: Adding catalog J/A+A/608/A2/combined.
2023-11-17 21:39:58,462 | INFO: Cross-matching photz_raf and specz_muse.
2023-11-17 21:39:58,633 | INFO: Plotting HUDF image...
2023-11-17 21:39:58,902 | INFO: Plotting redshift distribution histogram...
2023-11-17 21:39:59,260 | INFO: Plotting phot vs spec redshifts...
2023-11-17 21:40:24,126 | INFO: Loading Hubble UDF fits files...
2023-11-17 21:40:24,127 | INFO:   Loading i image
2023-11-17 21:40:24,274 | INFO:   Loading v image
2023-11-17 21:40:24,347 | INFO:   Loading b image
2023-11-17 21:40:24,439 | INFO: Finished loading.
2023-11-17 21:40:25,075 | INFO: Converting to RGB image...
2023-11-17 21:40:28,637 | INFO: Plotting HUDF image...
2023-11-17 21:40:30,225 | INFO: Adding catalog J/AJ/150/31/table5.
2023-11-17 21:40:30,725 | INFO: Adding catalog J/A+A/608/A2/combined.
2023-11-17 21:40:30,881 | INFO: Cross-matching photz_raf and specz_muse.
2023-11-17 21:40:31,067 | INFO: Plotting HUDF image...
2023-11-17 21:40:31,414 | INFO: Plotting redshift distribution histogram...
2023-11-17 21:40:31,703 | INFO: Plotting phot vs spec redshifts...
2023-11-17 21:40:33,098 | INFO: Adding insets at (RA DEC)=(03h32m34.5229308s -27d48m48.48806461s), 
                        (x, y)=([7230.5975157  2603.71886667]) with size 1000.0
2023-11-17 21:40:33,103 | INFO: Adding insets at (RA DEC)=(03h32m44.86285172s -27d47m27.59247906s), 
                        (x, y)=([7230.5975157  2603.71886667]) with size 1000.0
2023-11-17 21:40:33,107 | INFO: Adding insets at (RA DEC)=(03h32m38.00653142s -27d47m41.72606948s), 
                        (x, y)=([7230.5975157  2603.71886667]) with size 1000.0
2023-11-17 21:40:33,111 | INFO: Adding insets at (RA DEC)=(03h32m31.7480516s -27d46m58.29206073s), 
                        (x, y)=([7230.5975157  2603.71886667]) with size 1000.0
2023-11-17 21:40:33,116 | INFO: Adding insets at (RA DEC)=(03h32m42.42253141s -27d47m58.81167565s), 
                        (x, y)=([7230.5975157  2603.71886667]) with size 1000.0
2023-11-17 21:40:33,120 | INFO: Adding insets at (RA DEC)=(03h32m44.03197125s -27d48m24.3500779s), 
                        (x, y)=([7230.5975157  2603.71886667]) with size 1000.0
2023-11-17 21:40:33,125 | INFO: Adding insets at (RA DEC)=(03h32m39.16045095s -27d48m44.63247109s), 
                        (x, y)=([7230.5975157  2603.71886667]) with size 1000.0
2023-11-17 21:40:33,129 | INFO: Adding insets at (RA DEC)=(03h32m37.92469216s -27d46m09.13406936s), 
                        (x, y)=([7230.5975157  2603.71886667]) with size 1000.0
2023-11-17 21:40:33,135 | INFO: Adding insets at (RA DEC)=(03h32m41.9461314s -27d47m57.53727498s), 
                        (x, y)=([7230.5975157  2603.71886667]) with size 1000.0
2023-11-17 21:40:33,139 | INFO: Adding insets at (RA DEC)=(03h32m37.3088515s -27d47m29.3708685s), 
                        (x, y)=([7230.5975157  2603.71886667]) with size 1000.0
2023-11-17 21:42:33,248 | INFO: Loading Hubble UDF fits files...
2023-11-17 21:42:33,249 | INFO:   Loading i image
2023-11-17 21:42:33,384 | INFO:   Loading v image
2023-11-17 21:42:33,468 | INFO:   Loading b image
2023-11-17 21:42:33,586 | INFO: Finished loading.
2023-11-17 21:42:34,237 | INFO: Converting to RGB image...
2023-11-17 21:42:39,207 | INFO: Plotting HUDF image...
2023-11-17 21:42:40,476 | INFO: Adding catalog J/AJ/150/31/table5.
2023-11-17 21:42:40,953 | INFO: Adding catalog J/A+A/608/A2/combined.
2023-11-17 21:42:41,089 | INFO: Cross-matching photz_raf and specz_muse.
2023-11-17 21:42:41,281 | INFO: Plotting HUDF image...
2023-11-17 21:42:41,545 | INFO: Plotting redshift distribution histogram...
2023-11-17 21:42:41,836 | INFO: Plotting phot vs spec redshifts...
2023-11-17 21:42:43,238 | INFO: Adding insets at (RA DEC)=(03h32m34.5229308s -27d48m48.48806461s), 
                        (x, y)=([7230.5975157  2603.71886667]) with size 1000.0
2023-11-17 21:42:43,243 | INFO: Adding insets at (RA DEC)=(03h32m44.86285172s -27d47m27.59247906s), 
                        (x, y)=([7230.5975157  2603.71886667]) with size 1000.0
2023-11-17 21:42:43,247 | INFO: Adding insets at (RA DEC)=(03h32m38.00653142s -27d47m41.72606948s), 
                        (x, y)=([7230.5975157  2603.71886667]) with size 1000.0
2023-11-17 21:42:43,252 | INFO: Adding insets at (RA DEC)=(03h32m31.7480516s -27d46m58.29206073s), 
                        (x, y)=([7230.5975157  2603.71886667]) with size 1000.0
2023-11-17 21:42:43,256 | INFO: Adding insets at (RA DEC)=(03h32m42.42253141s -27d47m58.81167565s), 
                        (x, y)=([7230.5975157  2603.71886667]) with size 1000.0
2023-11-17 21:42:43,261 | INFO: Adding insets at (RA DEC)=(03h32m44.03197125s -27d48m24.3500779s), 
                        (x, y)=([7230.5975157  2603.71886667]) with size 1000.0
2023-11-17 21:42:43,266 | INFO: Adding insets at (RA DEC)=(03h32m39.16045095s -27d48m44.63247109s), 
                        (x, y)=([7230.5975157  2603.71886667]) with size 1000.0
2023-11-17 21:42:43,269 | INFO: Adding insets at (RA DEC)=(03h32m37.92469216s -27d46m09.13406936s), 
                        (x, y)=([7230.5975157  2603.71886667]) with size 1000.0
2023-11-17 21:42:43,272 | INFO: Adding insets at (RA DEC)=(03h32m41.9461314s -27d47m57.53727498s), 
                        (x, y)=([7230.5975157  2603.71886667]) with size 1000.0
2023-11-17 21:42:43,275 | INFO: Adding insets at (RA DEC)=(03h32m37.3088515s -27d47m29.3708685s), 
                        (x, y)=([7230.5975157  2603.71886667]) with size 1000.0
2023-11-17 21:42:43,287 | INFO: Adding insets at (RA DEC)=(03h32m34.5229308s -27d48m48.48806461s), 
                        (x, y)=([5250. 5250.]) with size 1000.0
2023-11-17 21:42:43,289 | INFO: Plotting multipanel plot...
2023-11-17 21:42:43,380 | INFO: Plotting HUDF image...
2023-11-17 21:42:43,498 | INFO: Plotting redshift distribution histogram...
2023-11-17 21:42:43,622 | INFO: Plotting phot vs spec redshifts...
2023-11-17 21:42:43,651 | INFO: Plotting HUDF image...
2023-11-17 21:42:57,799 | INFO: Loading Hubble UDF fits files...
2023-11-17 21:42:57,800 | INFO:   Loading i image
2023-11-17 21:43:23,013 | INFO:   Loading v image
2023-11-17 21:43:46,102 | INFO:   Loading b image
2023-11-17 21:44:03,705 | INFO: Finished loading.
2023-11-17 21:44:04,358 | INFO: Converting to RGB image...
2023-11-17 21:44:14,659 | INFO: Plotting HUDF image...
2023-11-17 21:44:24,257 | INFO: Adding catalog J/AJ/150/31/table5.
2023-11-17 21:44:25,024 | INFO: Adding catalog J/A+A/608/A2/combined.
2023-11-17 21:44:25,264 | INFO: Cross-matching photz_raf and specz_muse.
2023-11-17 21:44:25,563 | INFO: Plotting HUDF image...
2023-11-17 21:44:30,551 | INFO: Plotting redshift distribution histogram...
2023-11-17 21:44:30,850 | INFO: Plotting phot vs spec redshifts...
2023-11-17 21:44:37,402 | INFO: Adding insets at (RA DEC)=(03h32m34.5229308s -27d48m48.48806461s), 
                        (x, y)=([7230.5975157  2603.71886667]) with size 1000.0
2023-11-17 21:44:37,405 | INFO: Adding insets at (RA DEC)=(03h32m44.86285172s -27d47m27.59247906s), 
                        (x, y)=([7230.5975157  2603.71886667]) with size 1000.0
2023-11-17 21:44:37,408 | INFO: Adding insets at (RA DEC)=(03h32m38.00653142s -27d47m41.72606948s), 
                        (x, y)=([7230.5975157  2603.71886667]) with size 1000.0
2023-11-17 21:44:37,411 | INFO: Adding insets at (RA DEC)=(03h32m31.7480516s -27d46m58.29206073s), 
                        (x, y)=([7230.5975157  2603.71886667]) with size 1000.0
2023-11-17 21:44:37,414 | INFO: Adding insets at (RA DEC)=(03h32m42.42253141s -27d47m58.81167565s), 
                        (x, y)=([7230.5975157  2603.71886667]) with size 1000.0
2023-11-17 21:44:37,418 | INFO: Adding insets at (RA DEC)=(03h32m44.03197125s -27d48m24.3500779s), 
                        (x, y)=([7230.5975157  2603.71886667]) with size 1000.0
2023-11-17 21:44:37,422 | INFO: Adding insets at (RA DEC)=(03h32m39.16045095s -27d48m44.63247109s), 
                        (x, y)=([7230.5975157  2603.71886667]) with size 1000.0
2023-11-17 21:44:37,426 | INFO: Adding insets at (RA DEC)=(03h32m37.92469216s -27d46m09.13406936s), 
                        (x, y)=([7230.5975157  2603.71886667]) with size 1000.0
2023-11-17 21:44:37,429 | INFO: Adding insets at (RA DEC)=(03h32m41.9461314s -27d47m57.53727498s), 
                        (x, y)=([7230.5975157  2603.71886667]) with size 1000.0
2023-11-17 21:44:37,432 | INFO: Adding insets at (RA DEC)=(03h32m37.3088515s -27d47m29.3708685s), 
                        (x, y)=([7230.5975157  2603.71886667]) with size 1000.0
2023-11-17 21:44:37,447 | INFO: Adding insets at (RA DEC)=(03h32m34.5229308s -27d48m48.48806461s), 
                        (x, y)=([5250. 5250.]) with size 1000.0
2023-11-17 21:44:37,449 | INFO: Plotting multipanel plot...
2023-11-17 21:44:37,481 | INFO: Plotting HUDF image...
2023-11-17 21:44:38,010 | INFO: Plotting redshift distribution histogram...
2023-11-17 21:44:38,207 | INFO: Plotting phot vs spec redshifts...
2023-11-17 21:44:38,238 | INFO: Plotting HUDF image...
2023-11-17 21:44:38,383 | INFO: Plotting HUDF image...
2023-11-17 21:44:38,494 | INFO: Plotting HUDF image...
2023-11-17 21:44:38,593 | INFO: Plotting HUDF image...
2023-11-17 21:44:38,698 | INFO: Plotting HUDF image...
2023-11-17 21:44:38,836 | INFO: Plotting HUDF image...
2023-11-17 21:44:38,983 | INFO: Plotting HUDF image...
2023-11-17 21:44:39,114 | INFO: Plotting HUDF image...
2023-11-17 21:44:39,210 | INFO: Plotting HUDF image...
2023-11-17 21:44:39,334 | INFO: Plotting HUDF image...
2023-11-17 21:44:39,655 | INFO: Plotting HUDF image...
2023-11-17 21:47:21,140 | INFO: Loading Hubble UDF fits files...
2023-11-17 21:47:21,148 | INFO:   Loading i image
2023-11-17 21:47:21,409 | INFO:   Loading v image
2023-11-17 21:47:21,508 | INFO:   Loading b image
2023-11-17 21:47:22,737 | INFO: Finished loading.
2023-11-17 21:47:23,826 | INFO: Converting to RGB image...
2023-11-17 21:47:27,988 | INFO: Adding catalog J/AJ/150/31/table5.
2023-11-17 21:47:28,510 | INFO: Adding catalog J/A+A/608/A2/combined.
2023-11-17 21:47:31,846 | INFO: Cross-matching photz_raf and specz_muse.
2023-11-17 21:47:32,492 | INFO: Adding insets at (RA DEC)=(03h32m34.5229308s -27d48m48.48806461s), 
                        (x, y)=([7230.5975157  2603.71886667]) with size 1000.0
2023-11-17 21:47:32,497 | INFO: Adding insets at (RA DEC)=(03h32m44.86285172s -27d47m27.59247906s), 
                        (x, y)=([7230.5975157  2603.71886667]) with size 1000.0
2023-11-17 21:47:32,503 | INFO: Adding insets at (RA DEC)=(03h32m38.00653142s -27d47m41.72606948s), 
                        (x, y)=([7230.5975157  2603.71886667]) with size 1000.0
2023-11-17 21:47:32,509 | INFO: Adding insets at (RA DEC)=(03h32m31.7480516s -27d46m58.29206073s), 
                        (x, y)=([7230.5975157  2603.71886667]) with size 1000.0
2023-11-17 21:47:32,514 | INFO: Adding insets at (RA DEC)=(03h32m42.42253141s -27d47m58.81167565s), 
                        (x, y)=([7230.5975157  2603.71886667]) with size 1000.0
2023-11-17 21:47:32,522 | INFO: Adding insets at (RA DEC)=(03h32m44.03197125s -27d48m24.3500779s), 
                        (x, y)=([7230.5975157  2603.71886667]) with size 1000.0
2023-11-17 21:47:32,530 | INFO: Adding insets at (RA DEC)=(03h32m39.16045095s -27d48m44.63247109s), 
                        (x, y)=([7230.5975157  2603.71886667]) with size 1000.0
2023-11-17 21:47:32,536 | INFO: Adding insets at (RA DEC)=(03h32m37.92469216s -27d46m09.13406936s), 
                        (x, y)=([7230.5975157  2603.71886667]) with size 1000.0
2023-11-17 21:47:32,544 | INFO: Adding insets at (RA DEC)=(03h32m41.9461314s -27d47m57.53727498s), 
                        (x, y)=([7230.5975157  2603.71886667]) with size 1000.0
2023-11-17 21:47:32,551 | INFO: Adding insets at (RA DEC)=(03h32m37.3088515s -27d47m29.3708685s), 
                        (x, y)=([7230.5975157  2603.71886667]) with size 1000.0
2023-11-17 21:47:32,574 | INFO: Adding insets at (RA DEC)=(03h32m34.5229308s -27d48m48.48806461s), 
                        (x, y)=([5250. 5250.]) with size 1000.0
2023-11-17 21:47:47,578 | INFO: Plotting multipanel plot...
2023-11-17 21:47:47,632 | INFO: Plotting HUDF image...
2023-11-17 21:47:49,604 | INFO: Plotting redshift distribution histogram...
2023-11-17 21:47:49,754 | INFO: Plotting phot vs spec redshifts...
2023-11-17 21:47:49,798 | INFO: Plotting HUDF image...
2023-11-17 21:47:49,953 | INFO: Plotting HUDF image...
2023-11-17 21:47:50,089 | INFO: Plotting HUDF image...
2023-11-17 21:47:50,226 | INFO: Plotting HUDF image...
2023-11-17 21:47:50,351 | INFO: Plotting HUDF image...
2023-11-17 21:47:50,474 | INFO: Plotting HUDF image...
2023-11-17 21:47:50,617 | INFO: Plotting HUDF image...
2023-11-17 21:47:50,763 | INFO: Plotting HUDF image...
2023-11-17 21:47:50,922 | INFO: Plotting HUDF image...
2023-11-17 21:47:51,068 | INFO: Plotting HUDF image...
2023-11-17 21:47:51,197 | INFO: Plotting HUDF image...
2023-11-17 21:49:58,511 | INFO: Loading Hubble UDF fits files...
2023-11-17 21:49:58,520 | INFO:   Loading i image
2023-11-17 21:49:58,960 | INFO:   Loading v image
2023-11-17 21:49:59,039 | INFO:   Loading b image
2023-11-17 21:49:59,109 | INFO: Finished loading.
2023-11-17 21:50:00,080 | INFO: Converting to RGB image...
2023-11-17 21:50:00,139 | INFO: Adding catalog J/AJ/150/31/table5.
2023-11-17 21:50:00,722 | INFO: Adding catalog J/A+A/608/A2/combined.
2023-11-17 21:50:00,898 | INFO: Cross-matching photz_raf and specz_muse.
2023-11-17 21:50:02,153 | INFO: Adding insets at (RA DEC)=(03h32m34.5229308s -27d48m48.48806461s), 
                        (x, y)=([7230.5975157  2603.71886667]) with size 1000.0
2023-11-17 21:50:02,159 | INFO: Adding insets at (RA DEC)=(03h32m44.86285172s -27d47m27.59247906s), 
                        (x, y)=([2656.50498349 5298.65169391]) with size 1000.0
2023-11-17 21:50:02,165 | INFO: Adding insets at (RA DEC)=(03h32m38.00653142s -27d47m41.72606948s), 
                        (x, y)=([5689.37966344 4828.76326731]) with size 1000.0
2023-11-17 21:50:02,170 | INFO: Adding insets at (RA DEC)=(03h32m31.7480516s -27d46m58.29206073s), 
                        (x, y)=([8457.46304752 6277.07220067]) with size 1000.0
2023-11-17 21:50:02,174 | INFO: Adding insets at (RA DEC)=(03h32m42.42253141s -27d47m58.81167565s), 
                        (x, y)=([3736.38322992 4258.53058286]) with size 1000.0
2023-11-17 21:50:02,179 | INFO: Adding insets at (RA DEC)=(03h32m44.03197125s -27d48m24.3500779s), 
                        (x, y)=([3024.96144527 3406.91785883]) with size 1000.0
2023-11-17 21:50:02,183 | INFO: Adding insets at (RA DEC)=(03h32m39.16045095s -27d48m44.63247109s), 
                        (x, y)=([5179.67802    2731.72499758]) with size 1000.0
2023-11-17 21:50:02,186 | INFO: Adding insets at (RA DEC)=(03h32m37.92469216s -27d46m09.13406936s), 
                        (x, y)=([5724.69188356 7915.17459237]) with size 1000.0
2023-11-17 21:50:02,191 | INFO: Adding insets at (RA DEC)=(03h32m41.9461314s -27d47m57.53727498s), 
                        (x, y)=([3947.07318947 4301.10154701]) with size 1000.0
2023-11-17 21:50:02,197 | INFO: Adding insets at (RA DEC)=(03h32m37.3088515s -27d47m29.3708685s), 
                        (x, y)=([5997.86169756 5240.68913875]) with size 1000.0
2023-11-17 21:50:02,216 | INFO: Adding insets at (RA DEC)=(03h32m34.5229308s -27d48m48.48806461s), 
                        (x, y)=([5250. 5250.]) with size 1000.0
2023-11-17 21:52:56,735 | INFO: Plotting HUDF image...
2023-11-17 21:53:02,114 | INFO: Plotting HUDF image...
2023-11-17 21:53:05,962 | INFO: Plotting HUDF image...
2023-11-17 21:54:24,896 | INFO: Plotting HUDF image...
2023-11-17 21:55:41,742 | INFO: Loading Hubble UDF fits files...
2023-11-17 21:55:41,746 | INFO:   Loading i image
2023-11-17 21:55:42,123 | INFO:   Loading v image
2023-11-17 21:55:42,252 | INFO:   Loading b image
2023-11-17 21:55:42,613 | INFO: Finished loading.
2023-11-17 21:55:43,497 | INFO: Converting to RGB image...
2023-11-17 21:55:43,766 | INFO: Plotting HUDF image...
2023-11-17 21:56:13,106 | INFO: Loading Hubble UDF fits files...
2023-11-17 21:56:13,109 | INFO:   Loading i image
2023-11-17 21:56:13,323 | INFO:   Loading v image
2023-11-17 21:56:13,420 | INFO:   Loading b image
2023-11-17 21:56:13,534 | INFO: Finished loading.
2023-11-17 21:56:14,669 | INFO: Converting to RGB image...
2023-11-17 21:56:14,721 | INFO: Plotting HUDF image...
2023-11-17 21:56:47,130 | INFO: Loading Hubble UDF fits files...
2023-11-17 21:56:47,131 | INFO:   Loading i image
2023-11-17 21:57:06,368 | INFO:   Loading v image
2023-11-17 21:57:22,023 | INFO:   Loading b image
2023-11-17 21:57:36,948 | INFO: Finished loading.
2023-11-17 21:57:37,639 | INFO: Converting to RGB image...
2023-11-17 21:57:48,378 | INFO: Plotting HUDF image...
2023-11-17 21:57:59,567 | INFO: Adding catalog J/AJ/150/31/table5.
2023-11-17 21:58:00,120 | INFO: Adding catalog J/A+A/608/A2/combined.
2023-11-17 21:58:00,304 | INFO: Cross-matching photz_raf and specz_muse.
2023-11-17 21:58:00,766 | INFO: Plotting HUDF image...
2023-11-17 21:58:05,505 | INFO: Plotting redshift distribution histogram...
2023-11-17 21:58:05,800 | INFO: Plotting phot vs spec redshifts...
2023-11-17 21:58:14,799 | INFO: Adding insets at (RA DEC)=(03h32m34.5229308s -27d48m48.48806461s), 
                        (x, y)=([7230.5975157  2603.71886667]) with size 1000.0
2023-11-17 21:58:14,803 | INFO: Adding insets at (RA DEC)=(03h32m44.86285172s -27d47m27.59247906s), 
                        (x, y)=([2656.50498349 5298.65169391]) with size 1000.0
2023-11-17 21:58:14,805 | INFO: Adding insets at (RA DEC)=(03h32m38.00653142s -27d47m41.72606948s), 
                        (x, y)=([5689.37966344 4828.76326731]) with size 1000.0
2023-11-17 21:58:14,808 | INFO: Adding insets at (RA DEC)=(03h32m31.7480516s -27d46m58.29206073s), 
                        (x, y)=([8457.46304752 6277.07220067]) with size 1000.0
2023-11-17 21:58:14,811 | INFO: Adding insets at (RA DEC)=(03h32m42.42253141s -27d47m58.81167565s), 
                        (x, y)=([3736.38322992 4258.53058286]) with size 1000.0
2023-11-17 21:58:14,814 | INFO: Adding insets at (RA DEC)=(03h32m44.03197125s -27d48m24.3500779s), 
                        (x, y)=([3024.96144527 3406.91785883]) with size 1000.0
2023-11-17 21:58:14,817 | INFO: Adding insets at (RA DEC)=(03h32m39.16045095s -27d48m44.63247109s), 
                        (x, y)=([5179.67802    2731.72499758]) with size 1000.0
2023-11-17 21:58:14,820 | INFO: Adding insets at (RA DEC)=(03h32m37.92469216s -27d46m09.13406936s), 
                        (x, y)=([5724.69188356 7915.17459237]) with size 1000.0
2023-11-17 21:58:14,823 | INFO: Adding insets at (RA DEC)=(03h32m41.9461314s -27d47m57.53727498s), 
                        (x, y)=([3947.07318947 4301.10154701]) with size 1000.0
2023-11-17 21:58:14,826 | INFO: Adding insets at (RA DEC)=(03h32m37.3088515s -27d47m29.3708685s), 
                        (x, y)=([5997.86169756 5240.68913875]) with size 1000.0
2023-11-17 21:58:14,841 | INFO: Adding insets at (RA DEC)=(03h32m34.5229308s -27d48m48.48806461s), 
                        (x, y)=([5250. 5250.]) with size 1000.0
2023-11-17 21:58:14,843 | INFO: Plotting multipanel plot...
2023-11-17 21:58:14,890 | INFO: Plotting HUDF image...
2023-11-17 21:58:15,446 | INFO: Plotting redshift distribution histogram...
2023-11-17 21:58:15,669 | INFO: Plotting phot vs spec redshifts...
2023-11-17 21:58:15,694 | INFO: Plotting HUDF image...
2023-11-17 21:58:15,804 | INFO: Plotting HUDF image...
2023-11-17 21:58:15,914 | INFO: Plotting HUDF image...
2023-11-17 21:58:16,068 | INFO: Plotting HUDF image...
2023-11-17 21:58:16,177 | INFO: Plotting HUDF image...
2023-11-17 21:58:16,273 | INFO: Plotting HUDF image...
2023-11-17 21:58:16,382 | INFO: Plotting HUDF image...
2023-11-17 21:58:16,527 | INFO: Plotting HUDF image...
2023-11-17 21:58:16,644 | INFO: Plotting HUDF image...
2023-11-17 21:58:16,772 | INFO: Plotting HUDF image...
2023-11-17 21:58:16,889 | INFO: Plotting HUDF image...
2023-11-17 22:16:50,371 | INFO: Loading Hubble UDF fits files...
2023-11-17 22:16:50,385 | INFO:   Loading i image
2023-11-17 22:16:50,595 | INFO:   Loading v image
2023-11-17 22:16:50,661 | INFO:   Loading b image
2023-11-17 22:16:50,737 | INFO: Finished loading.
2023-11-17 22:17:14,385 | ERROR: `data_path` must be a string to the directory including the fits files.
2023-11-17 22:17:14,388 | INFO: Loading Hubble UDF fits files...
2023-11-17 22:17:14,393 | INFO:   Loading i image
2023-11-17 22:17:53,005 | ERROR: `data_path` must be a string to the directory including the fits files.
