INFO: Loading Hubble UDF fits files...
INFO:   Loading i image
INFO:   Loading v image
INFO:   Loading b image
INFO: Finished loading.
INFO: Converting to RGB image...
INFO: Loading Hubble UDF fits files...
INFO:   Loading i image
INFO:   Loading v image
INFO:   Loading b image
INFO: Finished loading.
INFO: Converting to RGB image...
INFO: Loading Hubble UDF fits files...
INFO:   Loading i image
INFO:   Loading v image
INFO:   Loading b image
INFO: Finished loading.
INFO: Converting to RGB image...
INFO: Adding catalog J/AJ/150/31/table5.
INFO: Adding catalog J/A+A/608/A2/combined.
INFO: Cross-matching photz_raf and specz_muse.
INFO: Loading Hubble UDF fits files...
INFO:   Loading i image
INFO:   Loading v image
INFO:   Loading b image
INFO: Finished loading.
INFO: Converting to RGB image...
INFO: Adding catalog J/AJ/150/31/table5.
INFO: Adding catalog J/A+A/608/A2/combined.
INFO: Loading Hubble UDF fits files...
INFO:   Loading i image
INFO: Loading Hubble UDF fits files...
INFO:   Loading i image
INFO:   Loading v image
INFO:   Loading b image
INFO: Finished loading.
INFO: Converting to RGB image...
INFO: Adding catalog J/AJ/150/31/table5.
INFO: Adding catalog J/A+A/608/A2/combined.
INFO: Cross-matching photz_raf and specz_muse.
INFO: Loading Hubble UDF fits files...
INFO:   Loading i image
INFO:   Loading v image
INFO:   Loading b image
INFO: Finished loading.
INFO: Converting to RGB image...
INFO: Adding catalog J/AJ/150/31/table5.
INFO: Adding catalog J/A+A/608/A2/combined.
INFO: Cross-matching photz_raf and specz_muse.
INFO: Loading Hubble UDF fits files...
INFO:   Loading i image
INFO:   Loading v image
INFO:   Loading b image
INFO: Finished loading.
INFO: Converting to RGB image...
INFO: Adding catalog J/AJ/150/31/table5.
INFO: Adding catalog J/A+A/608/A2/combined.
INFO: Cross-matching photz_raf and specz_muse.
INFO: Plotting HUDF image...
INFO: Loading Hubble UDF fits files...
INFO:   Loading i image
INFO:   Loading v image
INFO:   Loading b image
INFO: Finished loading.
INFO: Converting to RGB image...
INFO: Plotting HUDF image...
INFO: Adding catalog J/AJ/150/31/table5.
INFO: Adding catalog J/A+A/608/A2/combined.
INFO: Cross-matching photz_raf and specz_muse.
INFO: Plotting HUDF image...
INFO: Plotting HUDF image...
INFO: Plotting redshift distribution histogram...
INFO: Inset (a) at (RA DEC)=(03h32m32.55714859s -27d49m06.60324008s), 
                         (x, y)=(8099.999999999254, 1999.99999999901) with size 1000.0
INFO: Plotting HUDF image...
INFO: Inset (b) at (RA DEC)=(03h32m42.95921656s -27d49m03.56437923s), 
                         (x, y)=(3499.999999999889, 2099.9999999998463) with size 2000.0
INFO: Plotting HUDF image...
INFO: Inset (c) at (RA DEC)=(03h32m40.69582468s -27d47m51.57699623s), 
                         (x, y)=(4499.999999999512, 4499.999999999286) with size 1000.0
INFO: Plotting HUDF image...
INFO: Inset (d) at (RA DEC)=(03h32m36.0008517s -27d47m00.01046668s), 
                         (x, y)=(6576.205835551513, 6219.51049589047) with size 1000.0
INFO: Plotting HUDF image...
INFO: Loading Hubble UDF fits files...
INFO:   Loading i image
INFO:   Loading v image
INFO:   Loading b image
INFO: Finished loading.
INFO: Converting to RGB image...
INFO: Adding catalog J/AJ/150/31/table5.
INFO: Adding catalog J/A+A/608/A2/combined.
INFO: Cross-matching photz_raf and specz_muse.
INFO: Plotting HUDF image...
INFO: Plotting redshift distribution histogram...
INFO: Inset (a) at (RA DEC)=(03h32m32.55714859s -27d49m06.60324008s), 
                         (x, y)=(8099.999999999254, 1999.99999999901) with size 1000.0
INFO: Plotting HUDF image...
INFO: Inset (b) at (RA DEC)=(03h32m42.95921656s -27d49m03.56437923s), 
                         (x, y)=(3499.999999999889, 2099.9999999998463) with size 2000.0
INFO: Plotting HUDF image...
INFO: Inset (c) at (RA DEC)=(03h32m40.69582468s -27d47m51.57699623s), 
                         (x, y)=(4499.999999999512, 4499.999999999286) with size 1000.0
INFO: Plotting HUDF image...
INFO: Inset (d) at (RA DEC)=(03h32m36.0008517s -27d47m00.01046668s), 
                         (x, y)=(6576.205835551513, 6219.51049589047) with size 1000.0
INFO: Plotting HUDF image...
INFO: Loading Hubble UDF fits files...
INFO:   Loading i image
INFO:   Loading v image
INFO:   Loading b image
INFO: Finished loading.
INFO: Converting to RGB image...
INFO: Adding catalog J/AJ/150/31/table5.
INFO: Adding catalog J/A+A/608/A2/combined.
INFO: Cross-matching photz_raf and specz_muse.
INFO: Plotting HUDF image...
INFO: Plotting redshift distribution histogram...
INFO: Inset (a) at (RA DEC)=(03h32m32.55714859s -27d49m06.60324008s), 
                         (x, y)=(8099.999999999254, 1999.99999999901) with size 1000.0
INFO: Plotting HUDF image...
INFO: Inset (b) at (RA DEC)=(03h32m42.95921656s -27d49m03.56437923s), 
                         (x, y)=(3499.999999999889, 2099.9999999998463) with size 2000.0
INFO: Plotting HUDF image...
INFO: Inset (c) at (RA DEC)=(03h32m40.69582468s -27d47m51.57699623s), 
                         (x, y)=(4499.999999999512, 4499.999999999286) with size 1000.0
INFO: Plotting HUDF image...
INFO: Inset (d) at (RA DEC)=(03h32m36.0008517s -27d47m00.01046668s), 
                         (x, y)=(6576.205835551513, 6219.51049589047) with size 1000.0
INFO: Plotting HUDF image...
INFO: Loading Hubble UDF fits files...
INFO:   Loading i image
INFO:   Loading v image
INFO:   Loading b image
INFO: Finished loading.
INFO: Converting to RGB image...
INFO: Adding catalog J/AJ/150/31/table5.
INFO: Adding catalog J/A+A/608/A2/combined.
INFO: Cross-matching photz_raf and specz_muse.
INFO: Plotting HUDF image...
INFO: Plotting redshift distribution histogram...
INFO: Inset (a) at (RA DEC)=(03h32m32.55714859s -27d49m06.60324008s), 
                         (x, y)=(8099.999999999254, 1999.99999999901) with size 1000.0
INFO: Plotting HUDF image...
INFO: Inset (b) at (RA DEC)=(03h32m42.95921656s -27d49m03.56437923s), 
                         (x, y)=(3499.999999999889, 2099.9999999998463) with size 2000.0
INFO: Plotting HUDF image...
INFO: Inset (c) at (RA DEC)=(03h32m40.69582468s -27d47m51.57699623s), 
                         (x, y)=(4499.999999999512, 4499.999999999286) with size 1000.0
INFO: Plotting HUDF image...
INFO: Inset (d) at (RA DEC)=(03h32m36.0008517s -27d47m00.01046668s), 
                         (x, y)=(6576.205835551513, 6219.51049589047) with size 1000.0
INFO: Plotting HUDF image...
INFO: Loading Hubble UDF fits files...
INFO:   Loading i image
INFO:   Loading v image
INFO:   Loading b image
INFO: Finished loading.
INFO: Converting to RGB image...
INFO: Adding catalog J/AJ/150/31/table5.
INFO: Adding catalog J/A+A/608/A2/combined.
INFO: Cross-matching photz_raf and specz_muse.
INFO: Plotting HUDF image...
INFO: Plotting redshift distribution histogram...
INFO: Inset (a) at (RA DEC)=(03h32m32.55714859s -27d49m06.60324008s), 
                         (x, y)=(8099.999999999254, 1999.99999999901) with size 1000.0
INFO: Plotting HUDF image...
INFO: Inset (b) at (RA DEC)=(03h32m42.95921656s -27d49m03.56437923s), 
                         (x, y)=(3499.999999999889, 2099.9999999998463) with size 2000.0
INFO: Plotting HUDF image...
INFO: Inset (c) at (RA DEC)=(03h32m40.69582468s -27d47m51.57699623s), 
                         (x, y)=(4499.999999999512, 4499.999999999286) with size 1000.0
INFO: Plotting HUDF image...
INFO: Inset (d) at (RA DEC)=(03h32m36.0008517s -27d47m00.01046668s), 
                         (x, y)=(6576.205835551513, 6219.51049589047) with size 1000.0
INFO: Plotting HUDF image...
INFO: Loading Hubble UDF fits files...
INFO:   Loading i image
INFO:   Loading v image
INFO:   Loading b image
INFO: Finished loading.
INFO: Converting to RGB image...
INFO: Plotting HUDF image...
